<?xml version="1.0" encoding="UTF-8"?>
<!-- Generated by org.testng.reporters.JUnitXMLReporter -->
<testsuite hostname="Gaurav" name="Profile Test" tests="1" failures="1" timestamp="12 Apr 2017 17:35:26 GMT" time="40.163" errors="0">
  <testcase name="rechargeInitiate" time="18.648" classname="com.DragNDrop.testcases.DroppablePageTestCases">
    <failure type="java.lang.AssertionError" message="null">
      <![CDATA[java.lang.AssertionError: null
	at com.DragNDrop.pages.Droppable.draggable(Droppable.java:37)
	at com.DragNDrop.testcases.DroppablePageTestCases.rechargeInitiate(DroppablePageTestCases.java:51)
... Removed 26 stack frames]]>
    </failure>
  </testcase> <!-- rechargeInitiate -->
</testsuite> <!-- Profile Test -->
